\BOOKMARK [0][]{chapter.1}{1 Introduction}{}% 1
\BOOKMARK [1][-]{section.1.1}{1.1 Motivation}{chapter.1}% 2
\BOOKMARK [1][-]{section.1.2}{1.2 Problem Statement and Contribution}{chapter.1}% 3
\BOOKMARK [1][-]{section.1.3}{1.3 Outline}{chapter.1}% 4
\BOOKMARK [0][]{chapter.2}{2 Background}{}% 5
\BOOKMARK [1][-]{section.2.1}{2.1 Background Topic 1}{chapter.2}% 6
\BOOKMARK [1][-]{section.2.2}{2.2 Background Topic 2}{chapter.2}% 7
\BOOKMARK [1][-]{section.2.3}{2.3 Summary}{chapter.2}% 8
\BOOKMARK [0][]{chapter.3}{3 Related Work}{}% 9
\BOOKMARK [1][-]{section.3.1}{3.1 Related Work Area 1}{chapter.3}% 10
\BOOKMARK [1][-]{section.3.2}{3.2 Related Work Area 2}{chapter.3}% 11
\BOOKMARK [1][-]{section.3.3}{3.3 Analysis of Related Work}{chapter.3}% 12
\BOOKMARK [1][-]{section.3.4}{3.4 Summary}{chapter.3}% 13
\BOOKMARK [0][]{chapter.4}{4 Design}{}% 14
\BOOKMARK [1][-]{section.4.1}{4.1 Requirements and Assumptions}{chapter.4}% 15
\BOOKMARK [1][-]{section.4.2}{4.2 System Overview}{chapter.4}% 16
\BOOKMARK [2][-]{subsection.4.2.1}{4.2.1 Component 1}{section.4.2}% 17
\BOOKMARK [2][-]{subsection.4.2.2}{4.2.2 Component 2}{section.4.2}% 18
\BOOKMARK [1][-]{section.4.3}{4.3 Summary}{chapter.4}% 19
\BOOKMARK [0][]{chapter.5}{5 Implementation}{}% 20
\BOOKMARK [1][-]{section.5.1}{5.1 Design Decisions}{chapter.5}% 21
\BOOKMARK [1][-]{section.5.2}{5.2 Architecture}{chapter.5}% 22
\BOOKMARK [1][-]{section.5.3}{5.3 Interaction of Components}{chapter.5}% 23
\BOOKMARK [1][-]{section.5.4}{5.4 Summary}{chapter.5}% 24
\BOOKMARK [0][]{chapter.6}{6 Evaluation}{}% 25
\BOOKMARK [1][-]{section.6.1}{6.1 Goal and Methodology}{chapter.6}% 26
\BOOKMARK [1][-]{section.6.2}{6.2 Evaluation Setup}{chapter.6}% 27
\BOOKMARK [1][-]{section.6.3}{6.3 Evaluation Results}{chapter.6}% 28
\BOOKMARK [1][-]{section.6.4}{6.4 Analysis of Results}{chapter.6}% 29
\BOOKMARK [0][]{chapter.7}{7 Conclusions}{}% 30
\BOOKMARK [1][-]{section.7.1}{7.1 Summary}{chapter.7}% 31
\BOOKMARK [1][-]{section.7.2}{7.2 Contributions}{chapter.7}% 32
\BOOKMARK [1][-]{section.7.3}{7.3 Future Work}{chapter.7}% 33
\BOOKMARK [1][-]{section.7.4}{7.4 Final Remarks}{chapter.7}% 34
\BOOKMARK [0][]{dummy.1}{Bibliography}{}% 35
