\BOOKMARK [0][]{chapter.1}{1 Introduction}{}% 1
\BOOKMARK [1][-]{section.1.1}{1.1 Motivation}{chapter.1}% 2
\BOOKMARK [1][-]{section.1.2}{1.2 Problem Statement and Contribution}{chapter.1}% 3
\BOOKMARK [1][-]{section.1.3}{1.3 Outline}{chapter.1}% 4
\BOOKMARK [0][]{chapter.2}{2 Background}{}% 5
\BOOKMARK [1][-]{section.2.1}{2.1 Blockchain: A decentralized and distributed trustless ledger}{chapter.2}% 6
\BOOKMARK [2][-]{subsection.2.1.1}{2.1.1 Blockchain 1.0: Cryptocurrencies}{section.2.1}% 7
\BOOKMARK [2][-]{subsection.2.1.2}{2.1.2 Blockchain 2.0: Smart contracts}{section.2.1}% 8
\BOOKMARK [1][-]{section.2.2}{2.2 Network Virtualization}{chapter.2}% 9
\BOOKMARK [2][-]{subsection.2.2.1}{2.2.1 Multi-Provider Virtual Network Embedding}{section.2.2}% 10
\BOOKMARK [1][-]{section.2.3}{2.3 Auction Mechanisms}{chapter.2}% 11
\BOOKMARK [2][-]{subsection.2.3.1}{2.3.1 Vickrey Auction Model}{section.2.3}% 12
\BOOKMARK [1][-]{section.2.4}{2.4 Summary}{chapter.2}% 13
\BOOKMARK [0][]{chapter.3}{3 Related Work}{}% 14
\BOOKMARK [1][-]{section.3.1}{3.1 Blockchain in Supply Chain Management}{chapter.3}% 15
\BOOKMARK [1][-]{section.3.2}{3.2 Multi-provider Virtual Network Embedding}{chapter.3}% 16
\BOOKMARK [1][-]{section.3.3}{3.3 Auctions Mechanisms}{chapter.3}% 17
\BOOKMARK [1][-]{section.3.4}{3.4 Analysis of Related Work}{chapter.3}% 18
\BOOKMARK [1][-]{section.3.5}{3.5 Summary}{chapter.3}% 19
\BOOKMARK [0][]{chapter.4}{4 Design}{}% 20
\BOOKMARK [1][-]{section.4.1}{4.1 Requirements and Assumptions}{chapter.4}% 21
\BOOKMARK [1][-]{section.4.2}{4.2 System Overview}{chapter.4}% 22
\BOOKMARK [2][-]{subsection.4.2.1}{4.2.1 Component 1}{section.4.2}% 23
\BOOKMARK [2][-]{subsection.4.2.2}{4.2.2 Component 2}{section.4.2}% 24
\BOOKMARK [1][-]{section.4.3}{4.3 Summary}{chapter.4}% 25
\BOOKMARK [0][]{chapter.5}{5 Implementation}{}% 26
\BOOKMARK [1][-]{section.5.1}{5.1 Design Decisions}{chapter.5}% 27
\BOOKMARK [1][-]{section.5.2}{5.2 Architecture}{chapter.5}% 28
\BOOKMARK [1][-]{section.5.3}{5.3 Interaction of Components}{chapter.5}% 29
\BOOKMARK [1][-]{section.5.4}{5.4 Summary}{chapter.5}% 30
\BOOKMARK [0][]{chapter.6}{6 Evaluation}{}% 31
\BOOKMARK [1][-]{section.6.1}{6.1 Goal and Methodology}{chapter.6}% 32
\BOOKMARK [1][-]{section.6.2}{6.2 Evaluation Setup}{chapter.6}% 33
\BOOKMARK [1][-]{section.6.3}{6.3 Evaluation Results}{chapter.6}% 34
\BOOKMARK [1][-]{section.6.4}{6.4 Analysis of Results}{chapter.6}% 35
\BOOKMARK [0][]{chapter.7}{7 Conclusions}{}% 36
\BOOKMARK [1][-]{section.7.1}{7.1 Summary}{chapter.7}% 37
\BOOKMARK [1][-]{section.7.2}{7.2 Contributions}{chapter.7}% 38
\BOOKMARK [1][-]{section.7.3}{7.3 Future Work}{chapter.7}% 39
\BOOKMARK [1][-]{section.7.4}{7.4 Final Remarks}{chapter.7}% 40
\BOOKMARK [0][]{dummy.1}{Bibliography}{}% 41
