INFO [05-17|16:17:02] Maximum peer count                       ETH=5 LES=0 total=5
INFO [05-17|16:17:02] Starting peer-to-peer node               instance=Geth/node2/v1.8.7-unstable/linux-amd64/go1.10.1
INFO [05-17|16:17:02] Allocated cache and file handles         database=/home/jordibisbal/WS18-MSc-JordiBisbalAnsaldo--NetworkSlicing/geth/privchain2/geth/chaindata cache=768 handles=512
INFO [05-17|16:17:02] Initialised chain configuration          config="{ChainID: 987654321 Homestead: 0 DAO: <nil> DAOSupport: false EIP150: <nil> EIP155: 0 EIP158: 0 Byzantium: <nil> Constantinople: <nil> Engine: unknown}"
INFO [05-17|16:17:02] Disk storage enabled for ethash caches   dir=/home/jordibisbal/WS18-MSc-JordiBisbalAnsaldo--NetworkSlicing/geth/privchain2/geth/ethash count=3
INFO [05-17|16:17:02] Disk storage enabled for ethash DAGs     dir=/home/jordibisbal/.ethash                                                                 count=2
INFO [05-17|16:17:02] Initialising Ethereum protocol           versions="[63 62]" network=58342
INFO [05-17|16:17:02] Loaded most recent local header          number=37406 hash=fbce9e…79f5ea td=38303745
INFO [05-17|16:17:02] Loaded most recent local full block      number=37406 hash=fbce9e…79f5ea td=38303745
INFO [05-17|16:17:02] Loaded most recent local fast block      number=37406 hash=fbce9e…79f5ea td=38303745
INFO [05-17|16:17:02] Loaded local transaction journal         transactions=0 dropped=0
INFO [05-17|16:17:02] Regenerated local transaction journal    transactions=0 accounts=0
INFO [05-17|16:17:02] Starting P2P networking 
INFO [05-17|16:17:02] RLPx listener up                         self="enode://38dd47f0ed04ec88ede2f75970da08f23ca87de8f96bf576dc769b0f9df807782d3729bc83b99042a3eb193ff091cb4715a0906e5e902fb5adc04af91f3a7ba7@[::]:3010?discport=0"
INFO [05-17|16:17:02] IPC endpoint opened                      url=/home/jordibisbal/WS18-MSc-JordiBisbalAnsaldo--NetworkSlicing/geth/privchain2/geth.ipc
INFO [05-17|16:17:02] HTTP endpoint opened                     url=http://127.0.0.1:8550                                                                  cors=http://localhost:8000 vhosts=localhost
INFO [05-17|16:17:02] Unlocked account                         address=0x10B8Cd3e07e8eA708a7904F1351bF1B8Ec98BEF3
INFO [05-17|16:17:02] Etherbase automatically configured       address=0x10B8Cd3e07e8eA708a7904F1351bF1B8Ec98BEF3
INFO [05-17|16:17:14] HTTP endpoint closed                     url=http://127.0.0.1:8550
INFO [05-17|16:17:14] IPC endpoint closed                      endpoint=/home/jordibisbal/WS18-MSc-JordiBisbalAnsaldo--NetworkSlicing/geth/privchain2/geth.ipc
INFO [05-17|16:17:14] Writing cached state to disk             block=37406 hash=fbce9e…79f5ea root=b614eb…3bc906
INFO [05-17|16:17:14] Persisted trie from memory database      nodes=0 size=0.00B time=6.485µs gcnodes=0 gcsize=0.00B gctime=0s livenodes=1 livesize=0.00B
INFO [05-17|16:17:14] Writing cached state to disk             block=37405 hash=acdde2…381609 root=d96934…8ef009
INFO [05-17|16:17:14] Persisted trie from memory database      nodes=0 size=0.00B time=2.778µs gcnodes=0 gcsize=0.00B gctime=0s livenodes=1 livesize=0.00B
INFO [05-17|16:17:14] Writing cached state to disk             block=37279 hash=c9aadb…faa1ab root=53ea8c…c81a77
INFO [05-17|16:17:14] Persisted trie from memory database      nodes=0 size=0.00B time=2.903µs gcnodes=0 gcsize=0.00B gctime=0s livenodes=1 livesize=0.00B
INFO [05-17|16:17:14] Blockchain manager stopped 
INFO [05-17|16:17:14] Stopping Ethereum protocol 
INFO [05-17|16:17:14] Ethereum protocol stopped 
INFO [05-17|16:17:14] Transaction pool stopped 
INFO [05-17|16:17:14] Database closed                          database=/home/jordibisbal/WS18-MSc-JordiBisbalAnsaldo--NetworkSlicing/geth/privchain2/geth/chaindata
