INFO [05-08|13:39:12] Maximum peer count                       ETH=5 LES=0 total=5
INFO [05-08|13:39:12] Starting peer-to-peer node               instance=Geth/node1/v1.8.7-unstable/linux-amd64/go1.10.1
INFO [05-08|13:39:12] Allocated cache and file handles         database=/home/jordibisbal/WS18-MSc-JordiBisbalAnsaldo--NetworkSlicing/geth/privchain/geth/chaindata cache=768 handles=512
INFO [05-08|13:39:12] Initialised chain configuration          config="{ChainID: 987654321 Homestead: 0 DAO: <nil> DAOSupport: false EIP150: <nil> EIP155: 0 EIP158: 0 Byzantium: <nil> Constantinople: <nil> Engine: unknown}"
INFO [05-08|13:39:12] Disk storage enabled for ethash caches   dir=/home/jordibisbal/WS18-MSc-JordiBisbalAnsaldo--NetworkSlicing/geth/privchain/geth/ethash count=3
INFO [05-08|13:39:12] Disk storage enabled for ethash DAGs     dir=/home/jordibisbal/.ethash                                                                count=2
INFO [05-08|13:39:12] Initialising Ethereum protocol           versions="[63 62]" network=58342
INFO [05-08|13:39:12] Loaded most recent local header          number=37406 hash=fbce9e…79f5ea td=38303745
INFO [05-08|13:39:12] Loaded most recent local full block      number=37406 hash=fbce9e…79f5ea td=38303745
INFO [05-08|13:39:12] Loaded most recent local fast block      number=37406 hash=fbce9e…79f5ea td=38303745
INFO [05-08|13:39:13] Loaded local transaction journal         transactions=2430 dropped=1860
INFO [05-08|13:39:13] Regenerated local transaction journal    transactions=570  accounts=1
INFO [05-08|13:39:13] Starting P2P networking 
INFO [05-08|13:39:13] RLPx listener up                         self="enode://2b0c4e483dd87c7c1f31d6e115057f142a00d0fa8fe3bd0140a7521b3d512585249f5f62f8c037f63e575e311336a3ba5ae43ea7f833218cd1588d4e68d6039f@[::]:3000?discport=0"
INFO [05-08|13:39:13] IPC endpoint opened                      url=/home/jordibisbal/WS18-MSc-JordiBisbalAnsaldo--NetworkSlicing/geth/privchain/geth.ipc
INFO [05-08|13:39:13] HTTP endpoint opened                     url=http://127.0.0.1:8545                                                                 cors=http://localhost:8000 vhosts=localhost
INFO [05-08|13:39:13] Unlocked account                         address=0xDE501181911262542393BeB7298B2F22e7c64416
INFO [05-08|13:39:14] Unlocked account                         address=0xd358821084F42c7e60aE0ca89b4337eB0Cb24Bb0
INFO [05-08|13:39:15] Unlocked account                         address=0xa18A26A37141f10F5874a30237dAC76Dd8994bdB
INFO [05-08|13:39:15] Unlocked account                         address=0xc6C33C61f4aF52d75b0e54B4bdfeBf73C2fc2713
INFO [05-08|13:39:15] Etherbase automatically configured       address=0xDE501181911262542393BeB7298B2F22e7c64416
INFO [05-08|13:39:16] Submitted contract creation              fullhash=0x35c69f76391144f34a00e6e563f56f25e937858f5d5e0a79fde093ba64bab77b contract=0x0c62b88558824e3038143399ba5C722cd1cd86F4
INFO [05-08|13:39:25] Updated mining threads                   threads=1
INFO [05-08|13:39:25] Transaction pool price threshold updated price=0
INFO [05-08|13:39:25] Starting mining operation 
INFO [05-08|13:39:25] Commit new mining work                   number=37407 txs=32 uncles=0 elapsed=24.889ms
INFO [05-08|13:39:25] Successfully sealed new block            number=37407 hash=27aba5…f4a41c
INFO [05-08|13:39:25] 🔨 mined potential block                  number=37407 hash=27aba5…f4a41c
INFO [05-08|13:39:26] Commit new mining work                   number=37408 txs=34 uncles=0 elapsed=35.992ms
INFO [05-08|13:39:28] Imported new chain segment               blocks=1 txs=34 mgas=3.419 elapsed=38.001ms mgasps=89.979 number=37408 hash=46d869…cb237d cache=18.02kB
INFO [05-08|13:39:32] Imported new chain segment               blocks=1 txs=34 mgas=3.432 elapsed=37.240ms mgasps=92.146 number=37409 hash=dfaa76…80d91e cache=24.88kB
INFO [05-08|13:39:35] Updated mining threads                   threads=1
INFO [05-08|13:39:35] Transaction pool price threshold updated price=0
INFO [05-08|13:39:35] Starting mining operation 
INFO [05-08|13:39:35] Commit new mining work                   number=37410 txs=33 uncles=0 elapsed=25.382ms
INFO [05-08|13:39:35] Successfully sealed new block            number=37410 hash=c53f80…829aa9
INFO [05-08|13:39:35] 🔨 mined potential block                  number=37410 hash=c53f80…829aa9
INFO [05-08|13:39:35] Commit new mining work                   number=37411 txs=34 uncles=0 elapsed=29.315ms
INFO [05-08|13:39:42] Updated mining threads                   threads=1
INFO [05-08|13:39:42] Transaction pool price threshold updated price=0
INFO [05-08|13:39:42] Starting mining operation 
INFO [05-08|13:39:42] Commit new mining work                   number=37411 txs=34 uncles=0 elapsed=34.573ms
INFO [05-08|13:39:42] Successfully sealed new block            number=37411 hash=1aaf4d…6d43ad
INFO [05-08|13:39:42] 🔨 mined potential block                  number=37411 hash=1aaf4d…6d43ad
INFO [05-08|13:39:42] Commit new mining work                   number=37412 txs=33 uncles=0 elapsed=40.399ms
INFO [05-08|13:39:43] Updated mining threads                   threads=1
INFO [05-08|13:39:43] Transaction pool price threshold updated price=0
INFO [05-08|13:39:43] Starting mining operation 
INFO [05-08|13:39:43] Commit new mining work                   number=37412 txs=33 uncles=0 elapsed=37.580ms
INFO [05-08|13:39:43] Successfully sealed new block            number=37412 hash=05feba…32b891
INFO [05-08|13:39:43] 🔗 block reached canonical chain          number=37407 hash=27aba5…f4a41c
INFO [05-08|13:39:43] 🔨 mined potential block                  number=37412 hash=05feba…32b891
INFO [05-08|13:39:43] Commit new mining work                   number=37413 txs=34 uncles=0 elapsed=25.898ms
INFO [05-08|13:39:45] Imported new chain segment               blocks=1 txs=34 mgas=3.406 elapsed=48.260ms mgasps=70.568 number=37413 hash=ac790d…a59bda cache=48.37kB
INFO [05-08|13:39:51] Updated mining threads                   threads=1
INFO [05-08|13:39:51] Transaction pool price threshold updated price=0
INFO [05-08|13:39:51] Starting mining operation 
INFO [05-08|13:39:51] Commit new mining work                   number=37414 txs=34 uncles=0 elapsed=33.288ms
INFO [05-08|13:39:51] Successfully sealed new block            number=37414 hash=045688…db25b8
INFO [05-08|13:39:51] 🔨 mined potential block                  number=37414 hash=045688…db25b8
INFO [05-08|13:39:51] Commit new mining work                   number=37415 txs=32 uncles=0 elapsed=31.476ms
INFO [05-08|13:39:52] Imported new chain segment               blocks=1 txs=32 mgas=3.321 elapsed=54.231ms mgasps=61.238 number=37415 hash=1ad087…815576 cache=57.83kB
INFO [05-08|13:39:59] Updated mining threads                   threads=1
INFO [05-08|13:39:59] Transaction pool price threshold updated price=0
INFO [05-08|13:39:59] Starting mining operation 
INFO [05-08|13:39:59] Commit new mining work                   number=37416 txs=33 uncles=0 elapsed=31.713ms
INFO [05-08|13:39:59] 🔗 block reached canonical chain          number=37410 hash=c53f80…829aa9
INFO [05-08|13:39:59] Successfully sealed new block            number=37416 hash=cf5c95…f42859
INFO [05-08|13:39:59] 🔗 block reached canonical chain          number=37411 hash=1aaf4d…6d43ad
INFO [05-08|13:39:59] 🔨 mined potential block                  number=37416 hash=cf5c95…f42859
INFO [05-08|13:39:59] Commit new mining work                   number=37417 txs=33 uncles=0 elapsed=24.876ms
INFO [05-08|13:40:03] Updated mining threads                   threads=1
INFO [05-08|13:40:03] Transaction pool price threshold updated price=0
INFO [05-08|13:40:03] Starting mining operation 
INFO [05-08|13:40:03] Commit new mining work                   number=37417 txs=33 uncles=0 elapsed=27.685ms
INFO [05-08|13:40:03] Successfully sealed new block            number=37417 hash=4e73da…7a294f
INFO [05-08|13:40:03] 🔗 block reached canonical chain          number=37412 hash=05feba…32b891
INFO [05-08|13:40:03] 🔨 mined potential block                  number=37417 hash=4e73da…7a294f
INFO [05-08|13:40:03] Commit new mining work                   number=37418 txs=33 uncles=0 elapsed=30.687ms
INFO [05-08|13:40:11] Updated mining threads                   threads=1
INFO [05-08|13:40:11] Transaction pool price threshold updated price=0
INFO [05-08|13:40:11] Starting mining operation 
INFO [05-08|13:40:11] Commit new mining work                   number=37418 txs=33 uncles=0 elapsed=34.057ms
INFO [05-08|13:40:11] Successfully sealed new block            number=37418 hash=e5e701…b57496
INFO [05-08|13:40:11] 🔨 mined potential block                  number=37418 hash=e5e701…b57496
INFO [05-08|13:40:11] Commit new mining work                   number=37419 txs=35 uncles=0 elapsed=40.925ms
INFO [05-08|13:40:19] Updated mining threads                   threads=1
INFO [05-08|13:40:19] Transaction pool price threshold updated price=0
INFO [05-08|13:40:19] Starting mining operation 
INFO [05-08|13:40:19] Commit new mining work                   number=37419 txs=35 uncles=0 elapsed=63.247ms
INFO [05-08|13:40:19] Successfully sealed new block            number=37419 hash=dd40e1…a191c3
INFO [05-08|13:40:19] 🔗 block reached canonical chain          number=37414 hash=045688…db25b8
INFO [05-08|13:40:19] 🔨 mined potential block                  number=37419 hash=dd40e1…a191c3
INFO [05-08|13:40:19] Commit new mining work                   number=37420 txs=32 uncles=0 elapsed=25.234ms
INFO [05-08|13:40:23] Updated mining threads                   threads=1
INFO [05-08|13:40:23] Transaction pool price threshold updated price=0
INFO [05-08|13:40:23] Starting mining operation 
INFO [05-08|13:40:23] Commit new mining work                   number=37420 txs=32 uncles=0 elapsed=28.642ms
INFO [05-08|13:40:23] Successfully sealed new block            number=37420 hash=54f659…c76a12
INFO [05-08|13:40:23] 🔨 mined potential block                  number=37420 hash=54f659…c76a12
INFO [05-08|13:40:23] Commit new mining work                   number=37421 txs=34 uncles=0 elapsed=40.357ms
INFO [05-08|13:40:27] Imported new chain segment               blocks=1 txs=34 mgas=3.384 elapsed=67.283ms mgasps=50.287 number=37421 hash=4df622…70d205 cache=84.35kB
INFO [05-08|13:40:31] Imported new chain segment               blocks=1 txs=33 mgas=3.321 elapsed=62.301ms mgasps=53.297 number=37422 hash=13b916…dadcc4 cache=89.04kB
INFO [05-08|13:40:38] Imported new chain segment               blocks=1 txs=33 mgas=3.408 elapsed=53.515ms mgasps=63.678 number=37423 hash=061e40…bc5da8 cache=95.31kB
INFO [05-08|13:40:42] Updated mining threads                   threads=1
INFO [05-08|13:40:42] Transaction pool price threshold updated price=0
INFO [05-08|13:40:42] Starting mining operation 
INFO [05-08|13:40:42] Commit new mining work                   number=37424 txs=5  uncles=0 elapsed=9.635ms
INFO [05-08|13:40:42] 🔗 block reached canonical chain          number=37416 hash=cf5c95…f42859
INFO [05-08|13:40:42] 🔗 block reached canonical chain          number=37417 hash=4e73da…7a294f
INFO [05-08|13:40:42] 🔗 block reached canonical chain          number=37418 hash=e5e701…b57496
INFO [05-08|13:40:42] Successfully sealed new block            number=37424 hash=51c197…76595d
INFO [05-08|13:40:42] 🔗 block reached canonical chain          number=37419 hash=dd40e1…a191c3
INFO [05-08|13:40:42] 🔨 mined potential block                  number=37424 hash=51c197…76595d
INFO [05-08|13:40:42] Commit new mining work                   number=37425 txs=0  uncles=0 elapsed=154.445µs
INFO [05-08|13:49:10] HTTP endpoint closed                     url=http://127.0.0.1:8545
INFO [05-08|13:49:10] IPC endpoint closed                      endpoint=/home/jordibisbal/WS18-MSc-JordiBisbalAnsaldo--NetworkSlicing/geth/privchain/geth.ipc
INFO [05-08|13:49:10] Writing cached state to disk             block=37424 hash=51c197…76595d root=b4c282…79dd0c
INFO [05-08|13:49:10] Persisted trie from memory database      nodes=55 size=12.80kB time=245.328µs gcnodes=0 gcsize=0.00B gctime=0s livenodes=380 livesize=89.76kB
INFO [05-08|13:49:10] Writing cached state to disk             block=37423 hash=061e40…bc5da8 root=6a10c7…044b6c
